
Request: GET /api/register at Tue Mar 14 2023 17:49:56 GMT-0400, IP: ::1, User Agent: Mozilla/5.0 (Windows NT 10.0; Win64; x64) AppleWebKit/537.36 (KHTML, like Gecko) Chrome/110.0.0.0 Safari/537.36
Response: 404 1.623 ms 

Request: GET /api/register at Tue Mar 14 2023 17:49:58 GMT-0400, IP: ::1, User Agent: Mozilla/5.0 (Windows NT 10.0; Win64; x64) AppleWebKit/537.36 (KHTML, like Gecko) Chrome/110.0.0.0 Safari/537.36
Response: 404 0.508 ms 

Request: GET /api/register at Tue Mar 14 2023 17:51:16 GMT-0400, IP: ::1, User Agent: Mozilla/5.0 (Windows NT 10.0; Win64; x64) AppleWebKit/537.36 (KHTML, like Gecko) Chrome/110.0.0.0 Safari/537.36
Response: 404 2.069 ms 

Request: GET /api/register at Tue Mar 14 2023 17:53:23 GMT-0400, IP: ::1, User Agent: Mozilla/5.0 (Windows NT 10.0; Win64; x64) AppleWebKit/537.36 (KHTML, like Gecko) Chrome/110.0.0.0 Safari/537.36
Response Body:
<!DOCTYPE html>
<html lang="en">
    <head>
        <meta charset="UTF-8">
        <meta name="viewport" content="width=device-width, initial-scale=1.0">
        <meta http-equiv="X-UA-Compatible" content="ie=edge">
        <title>Sign-Up</title>
        <!-- <link rel="stylesheet" href="/css/site.css"> -->
    </head>

    <body>
        <main>
            <form class="product-form" action="/api/signup" method="POST">
                
                <div class="form-control mx-auto" style="width: 200px">
                    <label for="name">User Name</label>
                    <input type="text" name="name" id="name"></input>    
                    <label for="email">Email</label>
                    <input type="text" name="email" id="email"></input>
                    <label for="password">Password:</label>
                    <input type="text" name="password" id="password"></input>
                    <label for="confirmPassword">Confirm Password:</label>
Response: 200 33.958 ms 

Request: GET /favicon.ico at Tue Mar 14 2023 17:53:23 GMT-0400, IP: ::1, User Agent: Mozilla/5.0 (Windows NT 10.0; Win64; x64) AppleWebKit/537.36 (KHTML, like Gecko) Chrome/110.0.0.0 Safari/537.36
Response: 404 2.272 ms 

Request: POST /api/signup at Tue Mar 14 2023 18:22:19 GMT-0400, IP: ::1, User Agent: Mozilla/5.0 (Windows NT 10.0; Win64; x64) AppleWebKit/537.36 (KHTML, like Gecko) Chrome/110.0.0.0 Safari/537.36
Request Body:
{
	"name": "testuser1",
	"email": "testuser1@test.com",
	"password": "test1234",
	"confirmPassword": "test1234"
}
Response Body:
{
	"name": "testuser1",
	"email": "testuser1@test.com",
	"password": "$2a$10$92DRsTCT5bE89V/HYhAJae0kB1iG6KkcmMvfhmc5oGXh.toyV3mOu",
	"confirmPassword": "$2a$10$eGCw6cHZjBM05QsQ4RHO.uf5GfD1BUzRjJQbD6kDw6DCXvMjL2LFm",
	"_id": "6410f39b2b012dd2f926d827",
	"date": "2023-03-14T22:22:19.224Z",
	"tokens": [],
	"__v": 0
}
Response: 200 594.601 ms 

Request: GET /api/register at Tue Mar 14 2023 18:28:17 GMT-0400, IP: ::1, User Agent: Mozilla/5.0 (Windows NT 10.0; Win64; x64) AppleWebKit/537.36 (KHTML, like Gecko) Chrome/110.0.0.0 Safari/537.36
Response Body:
<!DOCTYPE html>
<html lang="en">
    <head>
        <meta charset="UTF-8">
        <meta name="viewport" content="width=device-width, initial-scale=1.0">
        <meta http-equiv="X-UA-Compatible" content="ie=edge">
        <title>Sign-Up</title>
        <!-- <link rel="stylesheet" href="/css/site.css"> -->
    </head>

    <body>
        <main>
            <form class="product-form" action="/api/signup" method="POST">
                
                <div class="form-control mx-auto" style="width: 200px">
                    <label for="name">User Name</label>
                    <input type="text" name="name" id="name"></input>    
                    <label for="email">Email</label>
                    <input type="text" name="email" id="email"></input>
                    <label for="password">Password:</label>
                    <input type="text" name="password" id="password"></input>
                    <label for="confirmPassword">Confirm Password:</label>
Response: 304 10.560 ms 

Request: POST /api/signup at Tue Mar 14 2023 18:28:56 GMT-0400, IP: ::1, User Agent: Mozilla/5.0 (Windows NT 10.0; Win64; x64) AppleWebKit/537.36 (KHTML, like Gecko) Chrome/110.0.0.0 Safari/537.36
Request Body:
{
	"name": "testuser2",
	"email": "testuser2@test.com",
	"password": "test7890",
	"confirmPassword": "test7890"
}
Response Body:
{
	"name": "testuser2",
	"email": "testuser2@test.com",
	"password": "$2a$10$eLNUsTO0nv9Fge7upcwjAulv87QqutGB0FT2IwMcz9BcOzHA4sIdu",
	"confirmPassword": "$2a$10$t.HnqrVBH7cynWb.AJsg5./Y906C0QEtYOeEBqHjvaX54BfffkneG",
	"_id": "6410f5282b012dd2f926d829",
	"date": "2023-03-14T22:28:56.010Z",
	"tokens": [],
	"__v": 0
}
Response: 200 516.739 ms 

Request: GET /api/login at Tue Mar 14 2023 21:39:52 GMT-0400, IP: ::1, User Agent: Mozilla/5.0 (Windows NT 10.0; Win64; x64) AppleWebKit/537.36 (KHTML, like Gecko) Chrome/110.0.0.0 Safari/537.36
Response: 404 1.994 ms 

Request: GET /api/login at Tue Mar 14 2023 21:44:01 GMT-0400, IP: ::1, User Agent: Mozilla/5.0 (Windows NT 10.0; Win64; x64) AppleWebKit/537.36 (KHTML, like Gecko) Chrome/110.0.0.0 Safari/537.36
Response: 404 1.686 ms 

Request: GET /api/login at Tue Mar 14 2023 21:44:03 GMT-0400, IP: ::1, User Agent: Mozilla/5.0 (Windows NT 10.0; Win64; x64) AppleWebKit/537.36 (KHTML, like Gecko) Chrome/110.0.0.0 Safari/537.36
Response: 404 0.483 ms 

Request: GET /api/login at Tue Mar 14 2023 21:44:04 GMT-0400, IP: ::1, User Agent: Mozilla/5.0 (Windows NT 10.0; Win64; x64) AppleWebKit/537.36 (KHTML, like Gecko) Chrome/110.0.0.0 Safari/537.36
Response: 404 0.573 ms 

Request: GET /api/login at Tue Mar 14 2023 21:44:04 GMT-0400, IP: ::1, User Agent: Mozilla/5.0 (Windows NT 10.0; Win64; x64) AppleWebKit/537.36 (KHTML, like Gecko) Chrome/110.0.0.0 Safari/537.36
Response: 404 0.175 ms 

Request: GET /api/signup at Tue Mar 14 2023 21:49:33 GMT-0400, IP: ::1, User Agent: Mozilla/5.0 (Windows NT 10.0; Win64; x64) AppleWebKit/537.36 (KHTML, like Gecko) Chrome/110.0.0.0 Safari/537.36 Edg/110.0.1587.57
Response: 404 2.259 ms 

Request: GET /api/register at Tue Mar 14 2023 22:01:13 GMT-0400, IP: ::1, User Agent: Mozilla/5.0 (Windows NT 10.0; Win64; x64) AppleWebKit/537.36 (KHTML, like Gecko) Chrome/110.0.0.0 Safari/537.36
Response Body:
<!DOCTYPE html>
<html lang="en">
    <head>
        <meta charset="UTF-8">
        <meta name="viewport" content="width=device-width, initial-scale=1.0">
        <meta http-equiv="X-UA-Compatible" content="ie=edge">
        <title>Sign-Up</title>
        <!-- <link rel="stylesheet" href="/css/site.css"> -->
    </head>

    <body>
        <main>
            <form class="product-form" action="/api/signup" method="POST">
                
                <div class="form-control mx-auto" style="width: 200px">
                    <label for="name">User Name</label>
                    <input type="text" name="name" id="name"></input>    
                    <label for="email">Email</label>
                    <input type="text" name="email" id="email"></input>
                    <label for="password">Password:</label>
                    <input type="text" name="password" id="password"></input>
                    <label for="confirmPassword">Confirm Password:</label>
Response: 304 22.574 ms 

Request: POST /api/login at Tue Mar 14 2023 22:06:54 GMT-0400, IP: ::1, User Agent: PostmanRuntime/7.31.1
Response Body:
<!DOCTYPE html>
<html lang="en">
  <head>
    <meta charset="UTF-8">
    <meta name="viewport" content="width=device-width, initial-scale=1.0">
    <meta http-equiv="X-UA-Compatible" content="ie=edge">
    <title>Login Page</title>
  </head>
    <body>
        <main>
            <h1>Welcome</h1>
            <h2>Login</h2>
            <form class="Login-form" action="/api/login" method="POST">
                <div class="login-control mx-auto" style="width: 200px">
                    <label for="username">Username:</label>
                    <input type="text" id="username" name="username"><br><br>
                    <label for="password">Password:</label>
                    <input type="password" id="password" name="password"><br><br>
                    <input type="submit" value="Login">
                </div>

                <button class="btn" type="Login">Sign in</button>
            </form>
        </main>
    </body>
</html>

Response: 200 25.829 ms 

Request: GET /api/login at Tue Mar 14 2023 22:13:52 GMT-0400, IP: ::1, User Agent: Mozilla/5.0 (Windows NT 10.0; Win64; x64) AppleWebKit/537.36 (KHTML, like Gecko) Chrome/110.0.0.0 Safari/537.36
Response: 404 1.993 ms 

Request: GET /api/login at Tue Mar 14 2023 22:13:53 GMT-0400, IP: ::1, User Agent: Mozilla/5.0 (Windows NT 10.0; Win64; x64) AppleWebKit/537.36 (KHTML, like Gecko) Chrome/110.0.0.0 Safari/537.36
Response: 404 1.974 ms 

Request: GET /api/login at Tue Mar 14 2023 22:13:55 GMT-0400, IP: ::1, User Agent: Mozilla/5.0 (Windows NT 10.0; Win64; x64) AppleWebKit/537.36 (KHTML, like Gecko) Chrome/110.0.0.0 Safari/537.36
Response: 404 1.172 ms 

Request: GET /api/userlogin at Tue Mar 14 2023 22:14:01 GMT-0400, IP: ::1, User Agent: Mozilla/5.0 (Windows NT 10.0; Win64; x64) AppleWebKit/537.36 (KHTML, like Gecko) Chrome/110.0.0.0 Safari/537.36
Response Body:
<!DOCTYPE html>
<html lang="en">
  <head>
    <meta charset="UTF-8">
    <meta name="viewport" content="width=device-width, initial-scale=1.0">
    <meta http-equiv="X-UA-Compatible" content="ie=edge">
    <title>Login Page</title>
  </head>
    <body>
        <main>
            <h1>Welcome</h1>
            <h2>Login</h2>
            <form class="Login-form" action="/api/login" method="POST">
                <div class="login-control mx-auto" style="width: 200px">
                    <label for="username">Username:</label>
                    <input type="text" id="username" name="username"><br><br>
                    <label for="password">Password:</label>
                    <input type="password" id="password" name="password"><br><br>
                    <input type="submit" value="Login">
                </div>

                <button class="btn" type="Login">Sign in</button>
            </form>
        </main>
    </body>
</html>

Response: 200 14.289 ms 

Request: GET /api/userlogin at Tue Mar 14 2023 22:17:29 GMT-0400, IP: ::1, User Agent: Mozilla/5.0 (Windows NT 10.0; Win64; x64) AppleWebKit/537.36 (KHTML, like Gecko) Chrome/110.0.0.0 Safari/537.36
Response Body:
<!DOCTYPE html>
<html lang="en">

<head>
    <meta charset="UTF-8">
    <meta name="viewport" content="width=device-width, initial-scale=1.0">
    <meta http-equiv="X-UA-Compatible" content="ie=edge">
    <title>Login Page</title>
</head>

<body>
    <main>
        <h1>Welcome</h1>
        <h2>Login</h2>
        <form class="Login-form" action="/api/login" method="POST">
            <div class="login-control mx-auto" style="width: 200px">
                <label for="username">Username:</label>
                <input type="text" id="username" name="username"><br><br>
                <label for="password">Password:</label>
                <input type="password" id="password" name="password"><br><br>
            </div>

            <button class="btn" type="Login">Sign in</button>
        </form>
    </main>
</body>

</html>
Response: 200 2.501 ms 

Request: POST /api/login at Tue Mar 14 2023 22:18:21 GMT-0400, IP: ::1, User Agent: Mozilla/5.0 (Windows NT 10.0; Win64; x64) AppleWebKit/537.36 (KHTML, like Gecko) Chrome/110.0.0.0 Safari/537.36
Request Body:
{
	"username": "test1234",
	"password": "test123"
}
Response Body:
{
	"error": "User does not exist"
}
Response: 400 51.028 ms 

Request: POST /api/login at Tue Mar 14 2023 22:18:43 GMT-0400, IP: ::1, User Agent: Mozilla/5.0 (Windows NT 10.0; Win64; x64) AppleWebKit/537.36 (KHTML, like Gecko) Chrome/110.0.0.0 Safari/537.36
Request Body:
{
	"username": "testuser1",
	"password": "test123"
}
Response Body:
{
	"error": "User does not exist"
}
Response: 400 38.414 ms 

Request: POST /api/signup at Tue Mar 14 2023 22:19:14 GMT-0400, IP: ::1, User Agent: Mozilla/5.0 (Windows NT 10.0; Win64; x64) AppleWebKit/537.36 (KHTML, like Gecko) Chrome/110.0.0.0 Safari/537.36
Request Body:
{
	"name": "testuser3",
	"email": "testuser3@test.com",
	"password": "test123",
	"confirmPassword": "test123"
}
Response Body:
{
	"name": "testuser3",
	"email": "testuser3@test.com",
	"password": "$2a$10$mouOPaBYY.xpwGncGwaYWuv2hXQq4J8nu9T9J4wAfC6ZPcDpzLnsC",
	"confirmPassword": "$2a$10$zq3kCYaRYoOATj/iUJux5epA.oNsK15RmeL58YhRRiypWsw6PXaei",
	"_id": "64112b21c84c8ba9e17f8b2d",
	"date": "2023-03-15T02:19:13.925Z",
	"tokens": [],
	"__v": 0
}
Response: 200 279.442 ms 

Request: POST /api/login at Tue Mar 14 2023 22:19:39 GMT-0400, IP: ::1, User Agent: Mozilla/5.0 (Windows NT 10.0; Win64; x64) AppleWebKit/537.36 (KHTML, like Gecko) Chrome/110.0.0.0 Safari/537.36
Request Body:
{
	"username": "testuser3",
	"password": "test123"
}
Response Body:
{
	"error": "User does not exist"
}
Response: 400 37.019 ms 

Request: POST /api/login at Tue Mar 14 2023 22:20:53 GMT-0400, IP: ::1, User Agent: Mozilla/5.0 (Windows NT 10.0; Win64; x64) AppleWebKit/537.36 (KHTML, like Gecko) Chrome/110.0.0.0 Safari/537.36
Request Body:
{
	"username": "testuser3",
	"password": "test123"
}
Response Body:
{
	"error": "User does not exist"
}
Response: 400 57.129 ms 

Request: GET /api/userlogin at Tue Mar 14 2023 22:21:03 GMT-0400, IP: ::1, User Agent: Mozilla/5.0 (Windows NT 10.0; Win64; x64) AppleWebKit/537.36 (KHTML, like Gecko) Chrome/110.0.0.0 Safari/537.36
Response Body:
<!DOCTYPE html>
<html lang="en">

<head>
    <meta charset="UTF-8">
    <meta name="viewport" content="width=device-width, initial-scale=1.0">
    <meta http-equiv="X-UA-Compatible" content="ie=edge">
    <title>Login Page</title>
</head>

<body>
    <main>
        <h1>Welcome</h1>
        <h2>Login</h2>
        <form class="Login-form" action="/api/login" method="POST">
            <div class="login-control mx-auto" style="width: 200px">
                <label for="username">Username:</label>
                <input type="text" id="username" name="username"><br><br>
                <label for="password">Password:</label>
                <input type="password" id="password" name="password"><br><br>
            </div>

            <button class="btn" type="Login">Sign in</button>
        </form>
    </main>
</body>

</html>
Response: 304 14.142 ms 

Request: POST /api/login at Tue Mar 14 2023 22:21:14 GMT-0400, IP: ::1, User Agent: Mozilla/5.0 (Windows NT 10.0; Win64; x64) AppleWebKit/537.36 (KHTML, like Gecko) Chrome/110.0.0.0 Safari/537.36
Request Body:
{
	"username": "testuser3",
	"password": "test123"
}
Response Body:
{
	"error": "User does not exist"
}
Response: 400 36.518 ms 

Request: GET /api/userlogin at Tue Mar 14 2023 22:40:35 GMT-0400, IP: ::1, User Agent: Mozilla/5.0 (Windows NT 10.0; Win64; x64) AppleWebKit/537.36 (KHTML, like Gecko) Chrome/110.0.0.0 Safari/537.36
Response Body:
<!DOCTYPE html>
<html lang="en">

<head>
    <meta charset="UTF-8">
    <meta name="viewport" content="width=device-width, initial-scale=1.0">
    <meta http-equiv="X-UA-Compatible" content="ie=edge">
    <title>Login Page</title>
</head>

<body>
    <main>
        <h1>Welcome</h1>
        <h2>Login</h2>
        <form class="Login-form" action="/api/login" method="POST">
            <div class="login-control mx-auto" style="width: 200px">
                <label for="username">Username:</label>
                <input type="text" id="username" name="username"><br><br>
                <label for="password">Password:</label>
                <input type="password" id="password" name="password"><br><br>
            </div>

            <button class="btn" type="Login">Sign in</button>
        </form>
    </main>
</body>

</html>
Response: 304 17.912 ms 

Request: GET /api/userlogin at Tue Mar 14 2023 22:40:37 GMT-0400, IP: ::1, User Agent: Mozilla/5.0 (Windows NT 10.0; Win64; x64) AppleWebKit/537.36 (KHTML, like Gecko) Chrome/110.0.0.0 Safari/537.36
Response Body:
<!DOCTYPE html>
<html lang="en">

<head>
    <meta charset="UTF-8">
    <meta name="viewport" content="width=device-width, initial-scale=1.0">
    <meta http-equiv="X-UA-Compatible" content="ie=edge">
    <title>Login Page</title>
</head>

<body>
    <main>
        <h1>Welcome</h1>
        <h2>Login</h2>
        <form class="Login-form" action="/api/login" method="POST">
            <div class="login-control mx-auto" style="width: 200px">
                <label for="username">Username:</label>
                <input type="text" id="username" name="username"><br><br>
                <label for="password">Password:</label>
                <input type="password" id="password" name="password"><br><br>
            </div>

            <button class="btn" type="Login">Sign in</button>
        </form>
    </main>
</body>

</html>
Response: 304 3.189 ms 

Request: GET /api/userlogin at Tue Mar 14 2023 22:40:40 GMT-0400, IP: ::1, User Agent: Mozilla/5.0 (Windows NT 10.0; Win64; x64) AppleWebKit/537.36 (KHTML, like Gecko) Chrome/110.0.0.0 Safari/537.36
Response Body:
<!DOCTYPE html>
<html lang="en">

<head>
    <meta charset="UTF-8">
    <meta name="viewport" content="width=device-width, initial-scale=1.0">
    <meta http-equiv="X-UA-Compatible" content="ie=edge">
    <title>Login Page</title>
</head>

<body>
    <main>
        <h1>Welcome</h1>
        <h2>Login</h2>
        <form class="Login-form" action="/api/login" method="POST">
            <div class="login-control mx-auto" style="width: 200px">
                <label for="username">Username:</label>
                <input type="text" id="username" name="username"><br><br>
                <label for="password">Password:</label>
                <input type="password" id="password" name="password"><br><br>
            </div>

            <button class="btn" type="Login">Sign in</button>
        </form>
    </main>
</body>

</html>
Response: 304 2.015 ms 

Request: GET /api/userlogin at Tue Mar 14 2023 22:42:51 GMT-0400, IP: ::1, User Agent: Mozilla/5.0 (Windows NT 10.0; Win64; x64) AppleWebKit/537.36 (KHTML, like Gecko) Chrome/110.0.0.0 Safari/537.36
Response Body:
<!DOCTYPE html>
<html lang="en">

<head>
    <meta charset="UTF-8">
    <meta name="viewport" content="width=device-width, initial-scale=1.0">
    <meta http-equiv="X-UA-Compatible" content="ie=edge">
    <title>Login Page</title>
</head>

<body>
    <main>
        <h1>Welcome</h1>
        <h2>Login</h2>
        <form class="Login-form" action="/api/login" method="POST">
            <div class="login-control mx-auto" style="width: 200px">
                <label for="username">Username:</label>
                <input type="text" id="username" name="username"><br><br>
                <label for="password">Password:</label>
                <input type="password" id="password" name="password"><br><br>
            </div>

            <button class="btn" type="Login">Sign in</button>

            <div class="register-new-user mx-auto" style="width: 200px"> 
                <h2> New User, Register here </h2>
                <a class="btn" href="api/register" style="w
Response: 200 11.485 ms 

Request: GET /api/api/register at Tue Mar 14 2023 22:42:55 GMT-0400, IP: ::1, User Agent: Mozilla/5.0 (Windows NT 10.0; Win64; x64) AppleWebKit/537.36 (KHTML, like Gecko) Chrome/110.0.0.0 Safari/537.36
Response: 404 1.895 ms 

Request: GET /api/userlogin at Tue Mar 14 2023 22:43:22 GMT-0400, IP: ::1, User Agent: Mozilla/5.0 (Windows NT 10.0; Win64; x64) AppleWebKit/537.36 (KHTML, like Gecko) Chrome/110.0.0.0 Safari/537.36
Response Body:
<!DOCTYPE html>
<html lang="en">

<head>
    <meta charset="UTF-8">
    <meta name="viewport" content="width=device-width, initial-scale=1.0">
    <meta http-equiv="X-UA-Compatible" content="ie=edge">
    <title>Login Page</title>
</head>

<body>
    <main>
        <h1>Welcome</h1>
        <h2>Login</h2>
        <form class="Login-form" action="/api/login" method="POST">
            <div class="login-control mx-auto" style="width: 200px">
                <label for="username">Username:</label>
                <input type="text" id="username" name="username"><br><br>
                <label for="password">Password:</label>
                <input type="password" id="password" name="password"><br><br>
            </div>

            <button class="btn" type="Login">Sign in</button>

            <div class="register-new-user mx-auto" style="width: 200px"> 
                <h2> New User, Register here </h2>
                <a class="btn" href="/register" style="widt
Response: 200 10.380 ms 

Request: GET /register at Tue Mar 14 2023 22:43:24 GMT-0400, IP: ::1, User Agent: Mozilla/5.0 (Windows NT 10.0; Win64; x64) AppleWebKit/537.36 (KHTML, like Gecko) Chrome/110.0.0.0 Safari/537.36
Response: 404 1.535 ms 

Request: GET /api/userlogin at Tue Mar 14 2023 22:44:28 GMT-0400, IP: ::1, User Agent: Mozilla/5.0 (Windows NT 10.0; Win64; x64) AppleWebKit/537.36 (KHTML, like Gecko) Chrome/110.0.0.0 Safari/537.36
Response Body:
<!DOCTYPE html>
<html lang="en">

<head>
    <meta charset="UTF-8">
    <meta name="viewport" content="width=device-width, initial-scale=1.0">
    <meta http-equiv="X-UA-Compatible" content="ie=edge">
    <title>Login Page</title>
</head>

<body>
    <main>
        <h1>Welcome</h1>
        <h2>Login</h2>
        <form class="Login-form" action="/api/login" method="POST">
            <div class="login-control mx-auto" style="width: 200px">
                <label for="username">Username:</label>
                <input type="text" id="username" name="username"><br><br>
                <label for="password">Password:</label>
                <input type="password" id="password" name="password"><br><br>
            </div>

            <button class="btn" type="Login">Sign in</button>

            <div class="register-new-user mx-auto" style="width: 200px"> 
                <h2> New User, Register here </h2>
                <a class="btn" href="/register" style="widt
Response: 304 1.640 ms 

Request: GET /register at Tue Mar 14 2023 22:44:30 GMT-0400, IP: ::1, User Agent: Mozilla/5.0 (Windows NT 10.0; Win64; x64) AppleWebKit/537.36 (KHTML, like Gecko) Chrome/110.0.0.0 Safari/537.36
Response: 404 0.669 ms 

Request: GET /api/userlogin at Tue Mar 14 2023 22:44:45 GMT-0400, IP: ::1, User Agent: Mozilla/5.0 (Windows NT 10.0; Win64; x64) AppleWebKit/537.36 (KHTML, like Gecko) Chrome/110.0.0.0 Safari/537.36
Response Body:
<!DOCTYPE html>
<html lang="en">

<head>
    <meta charset="UTF-8">
    <meta name="viewport" content="width=device-width, initial-scale=1.0">
    <meta http-equiv="X-UA-Compatible" content="ie=edge">
    <title>Login Page</title>
</head>

<body>
    <main>
        <h1>Welcome</h1>
        <h2>Login</h2>
        <form class="Login-form" action="/api/login" method="POST">
            <div class="login-control mx-auto" style="width: 200px">
                <label for="username">Username:</label>
                <input type="text" id="username" name="username"><br><br>
                <label for="password">Password:</label>
                <input type="password" id="password" name="password"><br><br>
            </div>

            <button class="btn" type="Login">Sign in</button>

            <div class="register-new-user mx-auto" style="width: 200px"> 
                <h2> New User, Register here </h2>
                <a class="btn" href="/register" style="widt
Response: 304 6.480 ms 

Request: GET /register at Tue Mar 14 2023 22:44:47 GMT-0400, IP: ::1, User Agent: Mozilla/5.0 (Windows NT 10.0; Win64; x64) AppleWebKit/537.36 (KHTML, like Gecko) Chrome/110.0.0.0 Safari/537.36
Response: 404 1.967 ms 

Request: GET /api/userlogin at Tue Mar 14 2023 22:45:18 GMT-0400, IP: ::1, User Agent: Mozilla/5.0 (Windows NT 10.0; Win64; x64) AppleWebKit/537.36 (KHTML, like Gecko) Chrome/110.0.0.0 Safari/537.36
Response Body:
<!DOCTYPE html>
<html lang="en">

<head>
    <meta charset="UTF-8">
    <meta name="viewport" content="width=device-width, initial-scale=1.0">
    <meta http-equiv="X-UA-Compatible" content="ie=edge">
    <title>Login Page</title>
</head>

<body>
    <main>
        <h1>Welcome</h1>
        <h2>Login</h2>
        <form class="Login-form" action="/api/login" method="POST">
            <div class="login-control mx-auto" style="width: 200px">
                <label for="username">Username:</label>
                <input type="text" id="username" name="username"><br><br>
                <label for="password">Password:</label>
                <input type="password" id="password" name="password"><br><br>
            </div>

            <button class="btn" type="Login">Sign in</button>

            <div class="register-new-user mx-auto" style="width: 200px"> 
                <h2> New User, Register here </h2>
                <a class="btn" href="/signUp" style="width:
Response: 200 9.227 ms 

Request: GET /signUp at Tue Mar 14 2023 22:45:20 GMT-0400, IP: ::1, User Agent: Mozilla/5.0 (Windows NT 10.0; Win64; x64) AppleWebKit/537.36 (KHTML, like Gecko) Chrome/110.0.0.0 Safari/537.36
Response: 404 1.894 ms 

Request: GET /api/userlogin at Tue Mar 14 2023 22:52:56 GMT-0400, IP: ::1, User Agent: Mozilla/5.0 (Windows NT 10.0; Win64; x64) AppleWebKit/537.36 (KHTML, like Gecko) Chrome/110.0.0.0 Safari/537.36
Response Body:
<!DOCTYPE html>
<html lang="en">

<head>
    <meta charset="UTF-8">
    <meta name="viewport" content="width=device-width, initial-scale=1.0">
    <meta http-equiv="X-UA-Compatible" content="ie=edge">
    <title>Login Page</title>
</head>

<body>
    <main>
        <h1>Welcome</h1>
        <h2>Login</h2>
        <form class="Login-form" action="/api/login" method="POST">
            <div class="login-control mx-auto" style="width: 200px">
                <label for="username">Username:</label>
                <input type="text" id="username" name="username"><br><br>
                <label for="password">Password:</label>
                <input type="password" id="password" name="password"><br><br>
            </div>

            <button class="btn" type="Login">Sign in</button>

        </form>

        <form class="register-form" action="/api/register" method="GET"> 
            <h2> New User, Register here </h2>
            <input type="submit" value="Regi
Response: 200 20.193 ms 

Request: GET /api/userlogin at Tue Mar 14 2023 22:52:58 GMT-0400, IP: ::1, User Agent: Mozilla/5.0 (Windows NT 10.0; Win64; x64) AppleWebKit/537.36 (KHTML, like Gecko) Chrome/110.0.0.0 Safari/537.36
Response Body:
<!DOCTYPE html>
<html lang="en">

<head>
    <meta charset="UTF-8">
    <meta name="viewport" content="width=device-width, initial-scale=1.0">
    <meta http-equiv="X-UA-Compatible" content="ie=edge">
    <title>Login Page</title>
</head>

<body>
    <main>
        <h1>Welcome</h1>
        <h2>Login</h2>
        <form class="Login-form" action="/api/login" method="POST">
            <div class="login-control mx-auto" style="width: 200px">
                <label for="username">Username:</label>
                <input type="text" id="username" name="username"><br><br>
                <label for="password">Password:</label>
                <input type="password" id="password" name="password"><br><br>
            </div>

            <button class="btn" type="Login">Sign in</button>

        </form>

        <form class="register-form" action="/api/register" method="GET"> 
            <h2> New User, Register here </h2>
            <input type="submit" value="Regi
Response: 304 3.623 ms 

Request: GET /api/register? at Tue Mar 14 2023 22:53:01 GMT-0400, IP: ::1, User Agent: Mozilla/5.0 (Windows NT 10.0; Win64; x64) AppleWebKit/537.36 (KHTML, like Gecko) Chrome/110.0.0.0 Safari/537.36
Response Body:
<!DOCTYPE html>
<html lang="en">

<head>
    <meta charset="UTF-8">
    <meta name="viewport" content="width=device-width, initial-scale=1.0">
    <meta http-equiv="X-UA-Compatible" content="ie=edge">
    <title>Sign-Up</title>
    <!-- <link rel="stylesheet" href="/css/site.css"> -->
</head>

<body>
    <main>
        <form class="product-form" action="/api/signup" method="POST">

            <div class="form-control mx-auto" style="width: 200px">
                <label for="name">User Name</label>
                <input type="text" name="name" id="name"></input>
                <label for="email">Email</label>
                <input type="text" name="email" id="email"></input>
                <label for="password">Password:</label>
                <input type="text" name="password" id="password"></input>
                <label for="confirmPassword">Confirm Password:</label>
                <input type="text" name="confirmPassword" id="confirmPassword"></input>
Response: 200 4.349 ms 

Request: GET /api/userlogin at Tue Mar 14 2023 23:04:06 GMT-0400, IP: ::1, User Agent: Mozilla/5.0 (Windows NT 10.0; Win64; x64) AppleWebKit/537.36 (KHTML, like Gecko) Chrome/110.0.0.0 Safari/537.36
Response Body:
<!DOCTYPE html>
<html lang="en">

<head>
    <meta charset="UTF-8">
    <meta name="viewport" content="width=device-width, initial-scale=1.0">
    <meta http-equiv="X-UA-Compatible" content="ie=edge">
    <title>Login Page</title>
    <link rel="stylesheet" href="/styles/styles.css">
</head>

<body>
    <main>
        <h1>Welcome</h1>
        <h2>Login</h2>
        <form class="Login-form" action="/api/login" method="POST">
            <div class="login-control mx-auto" style="width: 200px">
                <label for="username">Username:</label>
                <input type="text" id="username" name="username"><br><br>
                <label for="password">Password:</label>
                <input type="password" id="password" name="password"><br><br>
            </div>

            <button class="btn" type="Login">Sign in</button>

        </form>

        <form class="register-form" action="/api/register" method="GET"> 
            <h2> New User, Register h
Response: 200 16.150 ms 

Request: GET /styles/styles.css at Tue Mar 14 2023 23:04:06 GMT-0400, IP: ::1, User Agent: Mozilla/5.0 (Windows NT 10.0; Win64; x64) AppleWebKit/537.36 (KHTML, like Gecko) Chrome/110.0.0.0 Safari/537.36
Response: 404 3.081 ms 

Request: GET /api/userlogin at Tue Mar 14 2023 23:04:08 GMT-0400, IP: ::1, User Agent: Mozilla/5.0 (Windows NT 10.0; Win64; x64) AppleWebKit/537.36 (KHTML, like Gecko) Chrome/110.0.0.0 Safari/537.36
Response Body:
<!DOCTYPE html>
<html lang="en">

<head>
    <meta charset="UTF-8">
    <meta name="viewport" content="width=device-width, initial-scale=1.0">
    <meta http-equiv="X-UA-Compatible" content="ie=edge">
    <title>Login Page</title>
    <link rel="stylesheet" href="/styles/styles.css">
</head>

<body>
    <main>
        <h1>Welcome</h1>
        <h2>Login</h2>
        <form class="Login-form" action="/api/login" method="POST">
            <div class="login-control mx-auto" style="width: 200px">
                <label for="username">Username:</label>
                <input type="text" id="username" name="username"><br><br>
                <label for="password">Password:</label>
                <input type="password" id="password" name="password"><br><br>
            </div>

            <button class="btn" type="Login">Sign in</button>

        </form>

        <form class="register-form" action="/api/register" method="GET"> 
            <h2> New User, Register h
Response: 304 3.098 ms 

Request: GET /styles/styles.css at Tue Mar 14 2023 23:04:08 GMT-0400, IP: ::1, User Agent: Mozilla/5.0 (Windows NT 10.0; Win64; x64) AppleWebKit/537.36 (KHTML, like Gecko) Chrome/110.0.0.0 Safari/537.36
Response: 404 0.666 ms 

Request: GET /api/userlogin at Tue Mar 14 2023 23:04:09 GMT-0400, IP: ::1, User Agent: Mozilla/5.0 (Windows NT 10.0; Win64; x64) AppleWebKit/537.36 (KHTML, like Gecko) Chrome/110.0.0.0 Safari/537.36
Response Body:
<!DOCTYPE html>
<html lang="en">

<head>
    <meta charset="UTF-8">
    <meta name="viewport" content="width=device-width, initial-scale=1.0">
    <meta http-equiv="X-UA-Compatible" content="ie=edge">
    <title>Login Page</title>
    <link rel="stylesheet" href="/styles/styles.css">
</head>

<body>
    <main>
        <h1>Welcome</h1>
        <h2>Login</h2>
        <form class="Login-form" action="/api/login" method="POST">
            <div class="login-control mx-auto" style="width: 200px">
                <label for="username">Username:</label>
                <input type="text" id="username" name="username"><br><br>
                <label for="password">Password:</label>
                <input type="password" id="password" name="password"><br><br>
            </div>

            <button class="btn" type="Login">Sign in</button>

        </form>

        <form class="register-form" action="/api/register" method="GET"> 
            <h2> New User, Register h
Response: 304 2.433 ms 

Request: GET /styles/styles.css at Tue Mar 14 2023 23:04:09 GMT-0400, IP: ::1, User Agent: Mozilla/5.0 (Windows NT 10.0; Win64; x64) AppleWebKit/537.36 (KHTML, like Gecko) Chrome/110.0.0.0 Safari/537.36
Response: 404 0.838 ms 

Request: GET /api/userlogin at Tue Mar 14 2023 23:04:10 GMT-0400, IP: ::1, User Agent: Mozilla/5.0 (Windows NT 10.0; Win64; x64) AppleWebKit/537.36 (KHTML, like Gecko) Chrome/110.0.0.0 Safari/537.36
Response Body:
<!DOCTYPE html>
<html lang="en">

<head>
    <meta charset="UTF-8">
    <meta name="viewport" content="width=device-width, initial-scale=1.0">
    <meta http-equiv="X-UA-Compatible" content="ie=edge">
    <title>Login Page</title>
    <link rel="stylesheet" href="/styles/styles.css">
</head>

<body>
    <main>
        <h1>Welcome</h1>
        <h2>Login</h2>
        <form class="Login-form" action="/api/login" method="POST">
            <div class="login-control mx-auto" style="width: 200px">
                <label for="username">Username:</label>
                <input type="text" id="username" name="username"><br><br>
                <label for="password">Password:</label>
                <input type="password" id="password" name="password"><br><br>
            </div>

            <button class="btn" type="Login">Sign in</button>

        </form>

        <form class="register-form" action="/api/register" method="GET"> 
            <h2> New User, Register h
Response: 304 2.013 ms 

Request: GET /styles/styles.css at Tue Mar 14 2023 23:04:10 GMT-0400, IP: ::1, User Agent: Mozilla/5.0 (Windows NT 10.0; Win64; x64) AppleWebKit/537.36 (KHTML, like Gecko) Chrome/110.0.0.0 Safari/537.36
Response: 404 0.742 ms 

Request: GET /api/userlogin at Tue Mar 14 2023 23:04:10 GMT-0400, IP: ::1, User Agent: Mozilla/5.0 (Windows NT 10.0; Win64; x64) AppleWebKit/537.36 (KHTML, like Gecko) Chrome/110.0.0.0 Safari/537.36
Response Body:
<!DOCTYPE html>
<html lang="en">

<head>
    <meta charset="UTF-8">
    <meta name="viewport" content="width=device-width, initial-scale=1.0">
    <meta http-equiv="X-UA-Compatible" content="ie=edge">
    <title>Login Page</title>
    <link rel="stylesheet" href="/styles/styles.css">
</head>

<body>
    <main>
        <h1>Welcome</h1>
        <h2>Login</h2>
        <form class="Login-form" action="/api/login" method="POST">
            <div class="login-control mx-auto" style="width: 200px">
                <label for="username">Username:</label>
                <input type="text" id="username" name="username"><br><br>
                <label for="password">Password:</label>
                <input type="password" id="password" name="password"><br><br>
            </div>

            <button class="btn" type="Login">Sign in</button>

        </form>

        <form class="register-form" action="/api/register" method="GET"> 
            <h2> New User, Register h
Response: 304 2.770 ms 

Request: GET /styles/styles.css at Tue Mar 14 2023 23:04:10 GMT-0400, IP: ::1, User Agent: Mozilla/5.0 (Windows NT 10.0; Win64; x64) AppleWebKit/537.36 (KHTML, like Gecko) Chrome/110.0.0.0 Safari/537.36
Response: 404 0.286 ms 

Request: GET /api/userlogin at Tue Mar 14 2023 23:04:11 GMT-0400, IP: ::1, User Agent: Mozilla/5.0 (Windows NT 10.0; Win64; x64) AppleWebKit/537.36 (KHTML, like Gecko) Chrome/110.0.0.0 Safari/537.36
Response Body:
<!DOCTYPE html>
<html lang="en">

<head>
    <meta charset="UTF-8">
    <meta name="viewport" content="width=device-width, initial-scale=1.0">
    <meta http-equiv="X-UA-Compatible" content="ie=edge">
    <title>Login Page</title>
    <link rel="stylesheet" href="/styles/styles.css">
</head>

<body>
    <main>
        <h1>Welcome</h1>
        <h2>Login</h2>
        <form class="Login-form" action="/api/login" method="POST">
            <div class="login-control mx-auto" style="width: 200px">
                <label for="username">Username:</label>
                <input type="text" id="username" name="username"><br><br>
                <label for="password">Password:</label>
                <input type="password" id="password" name="password"><br><br>
            </div>

            <button class="btn" type="Login">Sign in</button>

        </form>

        <form class="register-form" action="/api/register" method="GET"> 
            <h2> New User, Register h
Response: 304 1.431 ms 

Request: GET /styles/styles.css at Tue Mar 14 2023 23:04:11 GMT-0400, IP: ::1, User Agent: Mozilla/5.0 (Windows NT 10.0; Win64; x64) AppleWebKit/537.36 (KHTML, like Gecko) Chrome/110.0.0.0 Safari/537.36
Response: 404 0.278 ms 

Request: GET /api/userlogin at Tue Mar 14 2023 23:04:12 GMT-0400, IP: ::1, User Agent: Mozilla/5.0 (Windows NT 10.0; Win64; x64) AppleWebKit/537.36 (KHTML, like Gecko) Chrome/110.0.0.0 Safari/537.36
Response Body:
<!DOCTYPE html>
<html lang="en">

<head>
    <meta charset="UTF-8">
    <meta name="viewport" content="width=device-width, initial-scale=1.0">
    <meta http-equiv="X-UA-Compatible" content="ie=edge">
    <title>Login Page</title>
    <link rel="stylesheet" href="/styles/styles.css">
</head>

<body>
    <main>
        <h1>Welcome</h1>
        <h2>Login</h2>
        <form class="Login-form" action="/api/login" method="POST">
            <div class="login-control mx-auto" style="width: 200px">
                <label for="username">Username:</label>
                <input type="text" id="username" name="username"><br><br>
                <label for="password">Password:</label>
                <input type="password" id="password" name="password"><br><br>
            </div>

            <button class="btn" type="Login">Sign in</button>

        </form>

        <form class="register-form" action="/api/register" method="GET"> 
            <h2> New User, Register h
Response: 304 0.917 ms 

Request: GET /styles/styles.css at Tue Mar 14 2023 23:04:12 GMT-0400, IP: ::1, User Agent: Mozilla/5.0 (Windows NT 10.0; Win64; x64) AppleWebKit/537.36 (KHTML, like Gecko) Chrome/110.0.0.0 Safari/537.36
Response: 404 0.253 ms 

Request: GET /api/register at Tue Mar 14 2023 23:04:27 GMT-0400, IP: ::1, User Agent: Mozilla/5.0 (Windows NT 10.0; Win64; x64) AppleWebKit/537.36 (KHTML, like Gecko) Chrome/110.0.0.0 Safari/537.36
Response Body:
<!DOCTYPE html>
<html lang="en">

<head>
    <meta charset="UTF-8">
    <meta name="viewport" content="width=device-width, initial-scale=1.0">
    <meta http-equiv="X-UA-Compatible" content="ie=edge">
    <title>Sign-Up</title>
    <link rel="stylesheet" href="/styles/styles.css">
</head>

<body>
    <main>
        <form class="product-form" action="/api/signup" method="POST">

            <div class="form-control mx-auto" style="width: 200px">
                <label for="name">User Name</label>
                <input type="text" name="name" id="name"></input>
                <label for="email">Email</label>
                <input type="text" name="email" id="email"></input>
                <label for="password">Password:</label>
                <input type="text" name="password" id="password"></input>
                <label for="confirmPassword">Confirm Password:</label>
                <input type="text" name="confirmPassword" id="confirmPassword"></input>
   
Response: 200 2.796 ms 

Request: GET /styles/styles.css at Tue Mar 14 2023 23:04:27 GMT-0400, IP: ::1, User Agent: Mozilla/5.0 (Windows NT 10.0; Win64; x64) AppleWebKit/537.36 (KHTML, like Gecko) Chrome/110.0.0.0 Safari/537.36
Response: 404 0.358 ms 

Request: GET /styles/styles.css at Tue Mar 14 2023 23:05:06 GMT-0400, IP: ::1, User Agent: Mozilla/5.0 (Windows NT 10.0; Win64; x64) AppleWebKit/537.36 (KHTML, like Gecko) Chrome/110.0.0.0 Safari/537.36
Response: 404 0.254 ms 

Request: GET /api/userlogin at Tue Mar 14 2023 23:06:42 GMT-0400, IP: ::1, User Agent: Mozilla/5.0 (Windows NT 10.0; Win64; x64) AppleWebKit/537.36 (KHTML, like Gecko) Chrome/110.0.0.0 Safari/537.36
Response Body:
<!DOCTYPE html>
<html lang="en">

<head>
    <meta charset="UTF-8">
    <meta name="viewport" content="width=device-width, initial-scale=1.0">
    <meta http-equiv="X-UA-Compatible" content="ie=edge">
    <title>Login Page</title>
    <link rel="stylesheet" href="../styles/styles.css">
</head>

<body>
    <main>
        <h1>Welcome</h1>
        <h2>Login</h2>
        <form class="Login-form" action="/api/login" method="POST">
            <div class="login-control mx-auto" style="width: 200px">
                <label for="username">Username:</label>
                <input type="text" id="username" name="username"><br><br>
                <label for="password">Password:</label>
                <input type="password" id="password" name="password"><br><br>
            </div>

            <button class="btn" type="Login">Sign in</button>

        </form>

        <form class="register-form" action="/api/register" method="GET"> 
            <h2> New User, Register
Response: 200 53.518 ms 

Request: GET /styles/styles.css at Tue Mar 14 2023 23:06:42 GMT-0400, IP: ::1, User Agent: Mozilla/5.0 (Windows NT 10.0; Win64; x64) AppleWebKit/537.36 (KHTML, like Gecko) Chrome/110.0.0.0 Safari/537.36
Response: 404 1.644 ms 

Request: GET /api/register? at Tue Mar 14 2023 23:07:12 GMT-0400, IP: ::1, User Agent: Mozilla/5.0 (Windows NT 10.0; Win64; x64) AppleWebKit/537.36 (KHTML, like Gecko) Chrome/110.0.0.0 Safari/537.36
Response Body:
<!DOCTYPE html>
<html lang="en">

<head>
    <meta charset="UTF-8">
    <meta name="viewport" content="width=device-width, initial-scale=1.0">
    <meta http-equiv="X-UA-Compatible" content="ie=edge">
    <title>Sign-Up</title>
    <link rel="stylesheet" href="../styles/styles.css">
</head>

<body>
    <main>
        <form class="product-form" action="/api/signup" method="POST">

            <div class="form-control mx-auto" style="width: 200px">
                <label for="name">User Name</label>
                <input type="text" name="name" id="name"></input>
                <label for="email">Email</label>
                <input type="text" name="email" id="email"></input>
                <label for="password">Password:</label>
                <input type="text" name="password" id="password"></input>
                <label for="confirmPassword">Confirm Password:</label>
                <input type="text" name="confirmPassword" id="confirmPassword"></input>
 
Response: 200 2.218 ms 

Request: GET /styles/styles.css at Tue Mar 14 2023 23:07:12 GMT-0400, IP: ::1, User Agent: Mozilla/5.0 (Windows NT 10.0; Win64; x64) AppleWebKit/537.36 (KHTML, like Gecko) Chrome/110.0.0.0 Safari/537.36
Response: 404 0.424 ms 

Request: GET /api/userlogin at Tue Mar 14 2023 23:08:37 GMT-0400, IP: ::1, User Agent: Mozilla/5.0 (Windows NT 10.0; Win64; x64) AppleWebKit/537.36 (KHTML, like Gecko) Chrome/110.0.0.0 Safari/537.36
Response Body:
<!DOCTYPE html>
<html lang="en">

<head>
    <meta charset="UTF-8">
    <meta name="viewport" content="width=device-width, initial-scale=1.0">
    <meta http-equiv="X-UA-Compatible" content="ie=edge">
    <title>Login Page</title>
    <link rel="stylesheet" href="styles.css">
</head>

<body>
    <main>
        <h1>Welcome</h1>
        <h2>Login</h2>
        <form class="Login-form" action="/api/login" method="POST">
            <div class="login-control mx-auto" style="width: 200px">
                <label for="username">Username:</label>
                <input type="text" id="username" name="username"><br><br>
                <label for="password">Password:</label>
                <input type="password" id="password" name="password"><br><br>
            </div>

            <button class="btn" type="Login">Sign in</button>

        </form>

        <form class="register-form" action="/api/register" method="GET"> 
            <h2> New User, Register here </h2
Response: 200 28.166 ms 

Request: GET /api/styles.css at Tue Mar 14 2023 23:08:37 GMT-0400, IP: ::1, User Agent: Mozilla/5.0 (Windows NT 10.0; Win64; x64) AppleWebKit/537.36 (KHTML, like Gecko) Chrome/110.0.0.0 Safari/537.36
Response: 404 4.043 ms 

Request: GET /api/userlogin at Tue Mar 14 2023 23:08:38 GMT-0400, IP: ::1, User Agent: Mozilla/5.0 (Windows NT 10.0; Win64; x64) AppleWebKit/537.36 (KHTML, like Gecko) Chrome/110.0.0.0 Safari/537.36
Response Body:
<!DOCTYPE html>
<html lang="en">

<head>
    <meta charset="UTF-8">
    <meta name="viewport" content="width=device-width, initial-scale=1.0">
    <meta http-equiv="X-UA-Compatible" content="ie=edge">
    <title>Login Page</title>
    <link rel="stylesheet" href="styles.css">
</head>

<body>
    <main>
        <h1>Welcome</h1>
        <h2>Login</h2>
        <form class="Login-form" action="/api/login" method="POST">
            <div class="login-control mx-auto" style="width: 200px">
                <label for="username">Username:</label>
                <input type="text" id="username" name="username"><br><br>
                <label for="password">Password:</label>
                <input type="password" id="password" name="password"><br><br>
            </div>

            <button class="btn" type="Login">Sign in</button>

        </form>

        <form class="register-form" action="/api/register" method="GET"> 
            <h2> New User, Register here </h2
Response: 304 2.140 ms 

Request: GET /api/styles.css at Tue Mar 14 2023 23:08:38 GMT-0400, IP: ::1, User Agent: Mozilla/5.0 (Windows NT 10.0; Win64; x64) AppleWebKit/537.36 (KHTML, like Gecko) Chrome/110.0.0.0 Safari/537.36
Response: 404 0.862 ms 

Request: GET /api/userlogin at Tue Mar 14 2023 23:13:02 GMT-0400, IP: ::1, User Agent: Mozilla/5.0 (Windows NT 10.0; Win64; x64) AppleWebKit/537.36 (KHTML, like Gecko) Chrome/110.0.0.0 Safari/537.36
Response Body:
<!DOCTYPE html>
<html lang="en">

<head>
    <meta charset="UTF-8">
    <meta name="viewport" content="width=device-width, initial-scale=1.0">
    <meta http-equiv="X-UA-Compatible" content="ie=edge">
    <title>Login Page</title>
    <link rel="stylesheet" href="/styles/styles.css">
</head>

<body>
    <main>
        <h1>Welcome</h1>
        <h2>Login</h2>
        <form class="Login-form" action="/api/login" method="POST">
            <div class="login-control mx-auto" style="width: 200px">
                <label for="username">Username:</label>
                <input type="text" id="username" name="username"><br><br>
                <label for="password">Password:</label>
                <input type="password" id="password" name="password"><br><br>
            </div>

            <button class="btn" type="Login">Sign in</button>

        </form>

        <form class="register-form" action="/api/register" method="GET"> 
            <h2> New User, Register h
Response: 200 18.994 ms 

Request: GET /styles/styles.css at Tue Mar 14 2023 23:13:02 GMT-0400, IP: ::1, User Agent: Mozilla/5.0 (Windows NT 10.0; Win64; x64) AppleWebKit/537.36 (KHTML, like Gecko) Chrome/110.0.0.0 Safari/537.36
Response: 404 3.530 ms 

Request: GET /api/userlogin at Tue Mar 14 2023 23:13:03 GMT-0400, IP: ::1, User Agent: Mozilla/5.0 (Windows NT 10.0; Win64; x64) AppleWebKit/537.36 (KHTML, like Gecko) Chrome/110.0.0.0 Safari/537.36
Response Body:
<!DOCTYPE html>
<html lang="en">

<head>
    <meta charset="UTF-8">
    <meta name="viewport" content="width=device-width, initial-scale=1.0">
    <meta http-equiv="X-UA-Compatible" content="ie=edge">
    <title>Login Page</title>
    <link rel="stylesheet" href="/styles/styles.css">
</head>

<body>
    <main>
        <h1>Welcome</h1>
        <h2>Login</h2>
        <form class="Login-form" action="/api/login" method="POST">
            <div class="login-control mx-auto" style="width: 200px">
                <label for="username">Username:</label>
                <input type="text" id="username" name="username"><br><br>
                <label for="password">Password:</label>
                <input type="password" id="password" name="password"><br><br>
            </div>

            <button class="btn" type="Login">Sign in</button>

        </form>

        <form class="register-form" action="/api/register" method="GET"> 
            <h2> New User, Register h
Response: 304 4.608 ms 

Request: GET /styles/styles.css at Tue Mar 14 2023 23:13:03 GMT-0400, IP: ::1, User Agent: Mozilla/5.0 (Windows NT 10.0; Win64; x64) AppleWebKit/537.36 (KHTML, like Gecko) Chrome/110.0.0.0 Safari/537.36
Response: 404 0.781 ms 

Request: GET /api/userlogin at Tue Mar 14 2023 23:13:04 GMT-0400, IP: ::1, User Agent: Mozilla/5.0 (Windows NT 10.0; Win64; x64) AppleWebKit/537.36 (KHTML, like Gecko) Chrome/110.0.0.0 Safari/537.36
Response Body:
<!DOCTYPE html>
<html lang="en">

<head>
    <meta charset="UTF-8">
    <meta name="viewport" content="width=device-width, initial-scale=1.0">
    <meta http-equiv="X-UA-Compatible" content="ie=edge">
    <title>Login Page</title>
    <link rel="stylesheet" href="/styles/styles.css">
</head>

<body>
    <main>
        <h1>Welcome</h1>
        <h2>Login</h2>
        <form class="Login-form" action="/api/login" method="POST">
            <div class="login-control mx-auto" style="width: 200px">
                <label for="username">Username:</label>
                <input type="text" id="username" name="username"><br><br>
                <label for="password">Password:</label>
                <input type="password" id="password" name="password"><br><br>
            </div>

            <button class="btn" type="Login">Sign in</button>

        </form>

        <form class="register-form" action="/api/register" method="GET"> 
            <h2> New User, Register h
Response: 304 3.396 ms 

Request: GET /styles/styles.css at Tue Mar 14 2023 23:13:04 GMT-0400, IP: ::1, User Agent: Mozilla/5.0 (Windows NT 10.0; Win64; x64) AppleWebKit/537.36 (KHTML, like Gecko) Chrome/110.0.0.0 Safari/537.36
Response: 404 1.098 ms 

Request: GET /api/userlogin at Tue Mar 14 2023 23:13:06 GMT-0400, IP: ::1, User Agent: Mozilla/5.0 (Windows NT 10.0; Win64; x64) AppleWebKit/537.36 (KHTML, like Gecko) Chrome/110.0.0.0 Safari/537.36
Response Body:
<!DOCTYPE html>
<html lang="en">

<head>
    <meta charset="UTF-8">
    <meta name="viewport" content="width=device-width, initial-scale=1.0">
    <meta http-equiv="X-UA-Compatible" content="ie=edge">
    <title>Login Page</title>
    <link rel="stylesheet" href="/styles/styles.css">
</head>

<body>
    <main>
        <h1>Welcome</h1>
        <h2>Login</h2>
        <form class="Login-form" action="/api/login" method="POST">
            <div class="login-control mx-auto" style="width: 200px">
                <label for="username">Username:</label>
                <input type="text" id="username" name="username"><br><br>
                <label for="password">Password:</label>
                <input type="password" id="password" name="password"><br><br>
            </div>

            <button class="btn" type="Login">Sign in</button>

        </form>

        <form class="register-form" action="/api/register" method="GET"> 
            <h2> New User, Register h
Response: 304 2.707 ms 

Request: GET /styles/styles.css at Tue Mar 14 2023 23:13:06 GMT-0400, IP: ::1, User Agent: Mozilla/5.0 (Windows NT 10.0; Win64; x64) AppleWebKit/537.36 (KHTML, like Gecko) Chrome/110.0.0.0 Safari/537.36
Response: 404 0.463 ms 

Request: GET /api/userlogin at Tue Mar 14 2023 23:13:06 GMT-0400, IP: ::1, User Agent: Mozilla/5.0 (Windows NT 10.0; Win64; x64) AppleWebKit/537.36 (KHTML, like Gecko) Chrome/110.0.0.0 Safari/537.36
Response Body:
<!DOCTYPE html>
<html lang="en">

<head>
    <meta charset="UTF-8">
    <meta name="viewport" content="width=device-width, initial-scale=1.0">
    <meta http-equiv="X-UA-Compatible" content="ie=edge">
    <title>Login Page</title>
    <link rel="stylesheet" href="/styles/styles.css">
</head>

<body>
    <main>
        <h1>Welcome</h1>
        <h2>Login</h2>
        <form class="Login-form" action="/api/login" method="POST">
            <div class="login-control mx-auto" style="width: 200px">
                <label for="username">Username:</label>
                <input type="text" id="username" name="username"><br><br>
                <label for="password">Password:</label>
                <input type="password" id="password" name="password"><br><br>
            </div>

            <button class="btn" type="Login">Sign in</button>

        </form>

        <form class="register-form" action="/api/register" method="GET"> 
            <h2> New User, Register h
Response: 304 3.496 ms 

Request: GET /styles/styles.css at Tue Mar 14 2023 23:13:06 GMT-0400, IP: ::1, User Agent: Mozilla/5.0 (Windows NT 10.0; Win64; x64) AppleWebKit/537.36 (KHTML, like Gecko) Chrome/110.0.0.0 Safari/537.36
Response: 404 0.420 ms 

Request: GET /api/userlogin at Tue Mar 14 2023 23:13:08 GMT-0400, IP: ::1, User Agent: Mozilla/5.0 (Windows NT 10.0; Win64; x64) AppleWebKit/537.36 (KHTML, like Gecko) Chrome/110.0.0.0 Safari/537.36
Response Body:
<!DOCTYPE html>
<html lang="en">

<head>
    <meta charset="UTF-8">
    <meta name="viewport" content="width=device-width, initial-scale=1.0">
    <meta http-equiv="X-UA-Compatible" content="ie=edge">
    <title>Login Page</title>
    <link rel="stylesheet" href="/styles/styles.css">
</head>

<body>
    <main>
        <h1>Welcome</h1>
        <h2>Login</h2>
        <form class="Login-form" action="/api/login" method="POST">
            <div class="login-control mx-auto" style="width: 200px">
                <label for="username">Username:</label>
                <input type="text" id="username" name="username"><br><br>
                <label for="password">Password:</label>
                <input type="password" id="password" name="password"><br><br>
            </div>

            <button class="btn" type="Login">Sign in</button>

        </form>

        <form class="register-form" action="/api/register" method="GET"> 
            <h2> New User, Register h
Response: 304 2.185 ms 

Request: GET /styles/styles.css at Tue Mar 14 2023 23:13:08 GMT-0400, IP: ::1, User Agent: Mozilla/5.0 (Windows NT 10.0; Win64; x64) AppleWebKit/537.36 (KHTML, like Gecko) Chrome/110.0.0.0 Safari/537.36
Response: 404 0.351 ms 

Request: GET /api/userlogin at Tue Mar 14 2023 23:17:49 GMT-0400, IP: ::1, User Agent: Mozilla/5.0 (Windows NT 10.0; Win64; x64) AppleWebKit/537.36 (KHTML, like Gecko) Chrome/110.0.0.0 Safari/537.36
Response Body:
<!DOCTYPE html>
<html lang="en">

<head>
    <meta charset="UTF-8">
    <meta name="viewport" content="width=device-width, initial-scale=1.0">
    <meta http-equiv="X-UA-Compatible" content="ie=edge">
    <title>Login Page</title>
    <link rel="stylesheet" type="text/css" href="/styles/styles.css">
</head>

<body>
    <main>
        <h1>Welcome</h1>
        <h2>Login</h2>
        <form class="Login-form" action="/api/login" method="POST">
            <div class="login-control mx-auto" style="width: 200px">
                <label for="username">Username:</label>
                <input type="text" id="username" name="username"><br><br>
                <label for="password">Password:</label>
                <input type="password" id="password" name="password"><br><br>
            </div>

            <button class="btn" type="Login">Sign in</button>

        </form>

        <form class="register-form" action="/api/register" method="GET"> 
            <h2> New 
Response: 200 23.685 ms 

Request: GET /styles/styles.css at Tue Mar 14 2023 23:17:49 GMT-0400, IP: ::1, User Agent: Mozilla/5.0 (Windows NT 10.0; Win64; x64) AppleWebKit/537.36 (KHTML, like Gecko) Chrome/110.0.0.0 Safari/537.36
Response: 404 3.741 ms 

Request: GET /api/userlogin at Tue Mar 14 2023 23:17:50 GMT-0400, IP: ::1, User Agent: Mozilla/5.0 (Windows NT 10.0; Win64; x64) AppleWebKit/537.36 (KHTML, like Gecko) Chrome/110.0.0.0 Safari/537.36
Response Body:
<!DOCTYPE html>
<html lang="en">

<head>
    <meta charset="UTF-8">
    <meta name="viewport" content="width=device-width, initial-scale=1.0">
    <meta http-equiv="X-UA-Compatible" content="ie=edge">
    <title>Login Page</title>
    <link rel="stylesheet" type="text/css" href="/styles/styles.css">
</head>

<body>
    <main>
        <h1>Welcome</h1>
        <h2>Login</h2>
        <form class="Login-form" action="/api/login" method="POST">
            <div class="login-control mx-auto" style="width: 200px">
                <label for="username">Username:</label>
                <input type="text" id="username" name="username"><br><br>
                <label for="password">Password:</label>
                <input type="password" id="password" name="password"><br><br>
            </div>

            <button class="btn" type="Login">Sign in</button>

        </form>

        <form class="register-form" action="/api/register" method="GET"> 
            <h2> New 
Response: 304 2.762 ms 

Request: GET /styles/styles.css at Tue Mar 14 2023 23:17:50 GMT-0400, IP: ::1, User Agent: Mozilla/5.0 (Windows NT 10.0; Win64; x64) AppleWebKit/537.36 (KHTML, like Gecko) Chrome/110.0.0.0 Safari/537.36
Response: 404 0.509 ms 

Request: GET /api/userlogin at Tue Mar 14 2023 23:17:51 GMT-0400, IP: ::1, User Agent: Mozilla/5.0 (Windows NT 10.0; Win64; x64) AppleWebKit/537.36 (KHTML, like Gecko) Chrome/110.0.0.0 Safari/537.36
Response Body:
<!DOCTYPE html>
<html lang="en">

<head>
    <meta charset="UTF-8">
    <meta name="viewport" content="width=device-width, initial-scale=1.0">
    <meta http-equiv="X-UA-Compatible" content="ie=edge">
    <title>Login Page</title>
    <link rel="stylesheet" type="text/css" href="/styles/styles.css">
</head>

<body>
    <main>
        <h1>Welcome</h1>
        <h2>Login</h2>
        <form class="Login-form" action="/api/login" method="POST">
            <div class="login-control mx-auto" style="width: 200px">
                <label for="username">Username:</label>
                <input type="text" id="username" name="username"><br><br>
                <label for="password">Password:</label>
                <input type="password" id="password" name="password"><br><br>
            </div>

            <button class="btn" type="Login">Sign in</button>

        </form>

        <form class="register-form" action="/api/register" method="GET"> 
            <h2> New 
Response: 304 2.728 ms 

Request: GET /styles/styles.css at Tue Mar 14 2023 23:17:51 GMT-0400, IP: ::1, User Agent: Mozilla/5.0 (Windows NT 10.0; Win64; x64) AppleWebKit/537.36 (KHTML, like Gecko) Chrome/110.0.0.0 Safari/537.36
Response: 404 1.450 ms 

Request: GET /api/userlogin at Tue Mar 14 2023 23:18:08 GMT-0400, IP: ::1, User Agent: Mozilla/5.0 (Windows NT 10.0; Win64; x64) AppleWebKit/537.36 (KHTML, like Gecko) Chrome/110.0.0.0 Safari/537.36
Response Body:
<!DOCTYPE html>
<html lang="en">

<head>
    <meta charset="UTF-8">
    <meta name="viewport" content="width=device-width, initial-scale=1.0">
    <meta http-equiv="X-UA-Compatible" content="ie=edge">
    <title>Login Page</title>
    <link rel="stylesheet" type="text/css" href="/styles/styles.css">
</head>

<body>
    <main>
        <h1>Welcome</h1>
        <h2>Login</h2>
        <form class="Login-form" action="/api/login" method="POST">
            <div class="login-control mx-auto" style="width: 200px">
                <label for="username">Username:</label>
                <input type="text" id="username" name="username"><br><br>
                <label for="password">Password:</label>
                <input type="password" id="password" name="password"><br><br>
            </div>

            <button class="btn" type="Login">Sign in</button>

        </form>

        <form class="register-form" action="/api/register" method="GET"> 
            <h2> New 
Response: 304 18.452 ms 

Request: GET /styles/styles.css at Tue Mar 14 2023 23:18:08 GMT-0400, IP: ::1, User Agent: Mozilla/5.0 (Windows NT 10.0; Win64; x64) AppleWebKit/537.36 (KHTML, like Gecko) Chrome/110.0.0.0 Safari/537.36
Response: 404 5.843 ms 

Request: GET /api/userlogin at Tue Mar 14 2023 23:18:09 GMT-0400, IP: ::1, User Agent: Mozilla/5.0 (Windows NT 10.0; Win64; x64) AppleWebKit/537.36 (KHTML, like Gecko) Chrome/110.0.0.0 Safari/537.36
Response Body:
<!DOCTYPE html>
<html lang="en">

<head>
    <meta charset="UTF-8">
    <meta name="viewport" content="width=device-width, initial-scale=1.0">
    <meta http-equiv="X-UA-Compatible" content="ie=edge">
    <title>Login Page</title>
    <link rel="stylesheet" type="text/css" href="/styles/styles.css">
</head>

<body>
    <main>
        <h1>Welcome</h1>
        <h2>Login</h2>
        <form class="Login-form" action="/api/login" method="POST">
            <div class="login-control mx-auto" style="width: 200px">
                <label for="username">Username:</label>
                <input type="text" id="username" name="username"><br><br>
                <label for="password">Password:</label>
                <input type="password" id="password" name="password"><br><br>
            </div>

            <button class="btn" type="Login">Sign in</button>

        </form>

        <form class="register-form" action="/api/register" method="GET"> 
            <h2> New 
Response: 304 2.075 ms 

Request: GET /styles/styles.css at Tue Mar 14 2023 23:18:09 GMT-0400, IP: ::1, User Agent: Mozilla/5.0 (Windows NT 10.0; Win64; x64) AppleWebKit/537.36 (KHTML, like Gecko) Chrome/110.0.0.0 Safari/537.36
Response: 404 1.561 ms 

Request: GET /api/userlogin at Tue Mar 14 2023 23:18:10 GMT-0400, IP: ::1, User Agent: Mozilla/5.0 (Windows NT 10.0; Win64; x64) AppleWebKit/537.36 (KHTML, like Gecko) Chrome/110.0.0.0 Safari/537.36
Response Body:
<!DOCTYPE html>
<html lang="en">

<head>
    <meta charset="UTF-8">
    <meta name="viewport" content="width=device-width, initial-scale=1.0">
    <meta http-equiv="X-UA-Compatible" content="ie=edge">
    <title>Login Page</title>
    <link rel="stylesheet" type="text/css" href="/styles/styles.css">
</head>

<body>
    <main>
        <h1>Welcome</h1>
        <h2>Login</h2>
        <form class="Login-form" action="/api/login" method="POST">
            <div class="login-control mx-auto" style="width: 200px">
                <label for="username">Username:</label>
                <input type="text" id="username" name="username"><br><br>
                <label for="password">Password:</label>
                <input type="password" id="password" name="password"><br><br>
            </div>

            <button class="btn" type="Login">Sign in</button>

        </form>

        <form class="register-form" action="/api/register" method="GET"> 
            <h2> New 
Response: 304 1.285 ms 

Request: GET /styles/styles.css at Tue Mar 14 2023 23:18:10 GMT-0400, IP: ::1, User Agent: Mozilla/5.0 (Windows NT 10.0; Win64; x64) AppleWebKit/537.36 (KHTML, like Gecko) Chrome/110.0.0.0 Safari/537.36
Response: 404 0.642 ms 

Request: GET /api/userlogin at Tue Mar 14 2023 23:18:10 GMT-0400, IP: ::1, User Agent: Mozilla/5.0 (Windows NT 10.0; Win64; x64) AppleWebKit/537.36 (KHTML, like Gecko) Chrome/110.0.0.0 Safari/537.36
Response Body:
<!DOCTYPE html>
<html lang="en">

<head>
    <meta charset="UTF-8">
    <meta name="viewport" content="width=device-width, initial-scale=1.0">
    <meta http-equiv="X-UA-Compatible" content="ie=edge">
    <title>Login Page</title>
    <link rel="stylesheet" type="text/css" href="/styles/styles.css">
</head>

<body>
    <main>
        <h1>Welcome</h1>
        <h2>Login</h2>
        <form class="Login-form" action="/api/login" method="POST">
            <div class="login-control mx-auto" style="width: 200px">
                <label for="username">Username:</label>
                <input type="text" id="username" name="username"><br><br>
                <label for="password">Password:</label>
                <input type="password" id="password" name="password"><br><br>
            </div>

            <button class="btn" type="Login">Sign in</button>

        </form>

        <form class="register-form" action="/api/register" method="GET"> 
            <h2> New 
Response: 304 2.620 ms 

Request: GET /styles/styles.css at Tue Mar 14 2023 23:18:10 GMT-0400, IP: ::1, User Agent: Mozilla/5.0 (Windows NT 10.0; Win64; x64) AppleWebKit/537.36 (KHTML, like Gecko) Chrome/110.0.0.0 Safari/537.36
Response: 404 0.462 ms 

Request: GET /api/userlogin at Tue Mar 14 2023 23:18:10 GMT-0400, IP: ::1, User Agent: Mozilla/5.0 (Windows NT 10.0; Win64; x64) AppleWebKit/537.36 (KHTML, like Gecko) Chrome/110.0.0.0 Safari/537.36
Response Body:
<!DOCTYPE html>
<html lang="en">

<head>
    <meta charset="UTF-8">
    <meta name="viewport" content="width=device-width, initial-scale=1.0">
    <meta http-equiv="X-UA-Compatible" content="ie=edge">
    <title>Login Page</title>
    <link rel="stylesheet" type="text/css" href="/styles/styles.css">
</head>

<body>
    <main>
        <h1>Welcome</h1>
        <h2>Login</h2>
        <form class="Login-form" action="/api/login" method="POST">
            <div class="login-control mx-auto" style="width: 200px">
                <label for="username">Username:</label>
                <input type="text" id="username" name="username"><br><br>
                <label for="password">Password:</label>
                <input type="password" id="password" name="password"><br><br>
            </div>

            <button class="btn" type="Login">Sign in</button>

        </form>

        <form class="register-form" action="/api/register" method="GET"> 
            <h2> New 
Response: 304 2.286 ms 

Request: GET /styles/styles.css at Tue Mar 14 2023 23:18:10 GMT-0400, IP: ::1, User Agent: Mozilla/5.0 (Windows NT 10.0; Win64; x64) AppleWebKit/537.36 (KHTML, like Gecko) Chrome/110.0.0.0 Safari/537.36
Response: 404 0.538 ms 

Request: GET /api/userlogin at Tue Mar 14 2023 23:18:11 GMT-0400, IP: ::1, User Agent: Mozilla/5.0 (Windows NT 10.0; Win64; x64) AppleWebKit/537.36 (KHTML, like Gecko) Chrome/110.0.0.0 Safari/537.36
Response Body:
<!DOCTYPE html>
<html lang="en">

<head>
    <meta charset="UTF-8">
    <meta name="viewport" content="width=device-width, initial-scale=1.0">
    <meta http-equiv="X-UA-Compatible" content="ie=edge">
    <title>Login Page</title>
    <link rel="stylesheet" type="text/css" href="/styles/styles.css">
</head>

<body>
    <main>
        <h1>Welcome</h1>
        <h2>Login</h2>
        <form class="Login-form" action="/api/login" method="POST">
            <div class="login-control mx-auto" style="width: 200px">
                <label for="username">Username:</label>
                <input type="text" id="username" name="username"><br><br>
                <label for="password">Password:</label>
                <input type="password" id="password" name="password"><br><br>
            </div>

            <button class="btn" type="Login">Sign in</button>

        </form>

        <form class="register-form" action="/api/register" method="GET"> 
            <h2> New 
Response: 304 2.259 ms 

Request: GET /styles/styles.css at Tue Mar 14 2023 23:18:11 GMT-0400, IP: ::1, User Agent: Mozilla/5.0 (Windows NT 10.0; Win64; x64) AppleWebKit/537.36 (KHTML, like Gecko) Chrome/110.0.0.0 Safari/537.36
Response: 404 0.749 ms 

Request: GET /api/register? at Tue Mar 14 2023 23:18:25 GMT-0400, IP: ::1, User Agent: Mozilla/5.0 (Windows NT 10.0; Win64; x64) AppleWebKit/537.36 (KHTML, like Gecko) Chrome/110.0.0.0 Safari/537.36
Response Body:
<!DOCTYPE html>
<html lang="en">

<head>
    <meta charset="UTF-8">
    <meta name="viewport" content="width=device-width, initial-scale=1.0">
    <meta http-equiv="X-UA-Compatible" content="ie=edge">
    <title>Sign-Up</title>
    <link rel="stylesheet" href="../styles/styles.css">
</head>

<body>
    <main>
        <form class="product-form" action="/api/signup" method="POST">

            <div class="form-control mx-auto" style="width: 200px">
                <label for="name">User Name</label>
                <input type="text" name="name" id="name"></input>
                <label for="email">Email</label>
                <input type="text" name="email" id="email"></input>
                <label for="password">Password:</label>
                <input type="text" name="password" id="password"></input>
                <label for="confirmPassword">Confirm Password:</label>
                <input type="text" name="confirmPassword" id="confirmPassword"></input>
 
Response: 304 4.833 ms 

Request: GET /styles/styles.css at Tue Mar 14 2023 23:18:25 GMT-0400, IP: ::1, User Agent: Mozilla/5.0 (Windows NT 10.0; Win64; x64) AppleWebKit/537.36 (KHTML, like Gecko) Chrome/110.0.0.0 Safari/537.36
Response: 404 0.523 ms 

Request: GET /styles/styles.css at Tue Mar 14 2023 23:18:33 GMT-0400, IP: ::1, User Agent: Mozilla/5.0 (Windows NT 10.0; Win64; x64) AppleWebKit/537.36 (KHTML, like Gecko) Chrome/110.0.0.0 Safari/537.36
Response: 404 0.366 ms 

Request: GET /api/userlogin at Wed Mar 15 2023 17:25:07 GMT-0400, IP: ::1, User Agent: Mozilla/5.0 (Windows NT 10.0; Win64; x64) AppleWebKit/537.36 (KHTML, like Gecko) Chrome/110.0.0.0 Safari/537.36
Response Body:
<!DOCTYPE html>
<html lang="en">

<head>
    <meta charset="UTF-8">
    <meta name="viewport" content="width=device-width, initial-scale=1.0">
    <meta http-equiv="X-UA-Compatible" content="ie=edge">
    <title>Login Page</title>
    <link rel="stylesheet" type="text/css" href="/styles/styles.css">
</head>

<body>
    <main>
        <h1>Welcome</h1>
        <h2>Login</h2>
        <form class="Login-form" action="/api/login" method="POST">
            <div class="login-control mx-auto" style="width: 200px">
                <label for="username">Username:</label>
                <input type="text" id="username" name="username"><br><br>
                <label for="password">Password:</label>
                <input type="password" id="password" name="password"><br><br>
            </div>

            <button class="btn" type="Login">Sign in</button>

        </form>

        <form class="register-form" action="/api/register" method="GET"> 
            <h2> New 
Response: 304 12.106 ms 

Request: GET /styles/styles.css at Wed Mar 15 2023 17:25:07 GMT-0400, IP: ::1, User Agent: Mozilla/5.0 (Windows NT 10.0; Win64; x64) AppleWebKit/537.36 (KHTML, like Gecko) Chrome/110.0.0.0 Safari/537.36
Response: 404 1.682 ms 

Request: GET /api/userlogin at Wed Mar 15 2023 17:25:08 GMT-0400, IP: ::1, User Agent: Mozilla/5.0 (Windows NT 10.0; Win64; x64) AppleWebKit/537.36 (KHTML, like Gecko) Chrome/110.0.0.0 Safari/537.36
Response Body:
<!DOCTYPE html>
<html lang="en">

<head>
    <meta charset="UTF-8">
    <meta name="viewport" content="width=device-width, initial-scale=1.0">
    <meta http-equiv="X-UA-Compatible" content="ie=edge">
    <title>Login Page</title>
    <link rel="stylesheet" type="text/css" href="/styles/styles.css">
</head>

<body>
    <main>
        <h1>Welcome</h1>
        <h2>Login</h2>
        <form class="Login-form" action="/api/login" method="POST">
            <div class="login-control mx-auto" style="width: 200px">
                <label for="username">Username:</label>
                <input type="text" id="username" name="username"><br><br>
                <label for="password">Password:</label>
                <input type="password" id="password" name="password"><br><br>
            </div>

            <button class="btn" type="Login">Sign in</button>

        </form>

        <form class="register-form" action="/api/register" method="GET"> 
            <h2> New 
Response: 304 1.365 ms 

Request: GET /styles/styles.css at Wed Mar 15 2023 17:25:08 GMT-0400, IP: ::1, User Agent: Mozilla/5.0 (Windows NT 10.0; Win64; x64) AppleWebKit/537.36 (KHTML, like Gecko) Chrome/110.0.0.0 Safari/537.36
Response: 404 0.402 ms 

Request: GET /api/userlogin at Wed Mar 15 2023 17:25:09 GMT-0400, IP: ::1, User Agent: Mozilla/5.0 (Windows NT 10.0; Win64; x64) AppleWebKit/537.36 (KHTML, like Gecko) Chrome/110.0.0.0 Safari/537.36
Response Body:
<!DOCTYPE html>
<html lang="en">

<head>
    <meta charset="UTF-8">
    <meta name="viewport" content="width=device-width, initial-scale=1.0">
    <meta http-equiv="X-UA-Compatible" content="ie=edge">
    <title>Login Page</title>
    <link rel="stylesheet" type="text/css" href="/styles/styles.css">
</head>

<body>
    <main>
        <h1>Welcome</h1>
        <h2>Login</h2>
        <form class="Login-form" action="/api/login" method="POST">
            <div class="login-control mx-auto" style="width: 200px">
                <label for="username">Username:</label>
                <input type="text" id="username" name="username"><br><br>
                <label for="password">Password:</label>
                <input type="password" id="password" name="password"><br><br>
            </div>

            <button class="btn" type="Login">Sign in</button>

        </form>

        <form class="register-form" action="/api/register" method="GET"> 
            <h2> New 
Response: 304 1.045 ms 

Request: GET /styles/styles.css at Wed Mar 15 2023 17:25:09 GMT-0400, IP: ::1, User Agent: Mozilla/5.0 (Windows NT 10.0; Win64; x64) AppleWebKit/537.36 (KHTML, like Gecko) Chrome/110.0.0.0 Safari/537.36
Response: 404 0.456 ms 

Request: GET /styles/styles.css at Wed Mar 15 2023 17:41:38 GMT-0400, IP: ::1, User Agent: Mozilla/5.0 (Windows NT 10.0; Win64; x64) AppleWebKit/537.36 (KHTML, like Gecko) Chrome/110.0.0.0 Safari/537.36
Response: 404 0.330 ms 

Request: POST /api/signup at Wed Mar 15 2023 17:41:56 GMT-0400, IP: ::1, User Agent: Mozilla/5.0 (Windows NT 10.0; Win64; x64) AppleWebKit/537.36 (KHTML, like Gecko) Chrome/110.0.0.0 Safari/537.36
Request Body:
{
	"name": "testuser4",
	"email": "testeuser4@test.com",
	"password": "test123",
	"confirmPassword": "test123"
}
Response Body:
{
	"name": "testuser4",
	"email": "testeuser4@test.com",
	"password": "$2a$10$uwCZI4bAmhbweZIuK07xwu5xNRJi6WjHF/VkHahN.mwq.LXwryi0m",
	"confirmPassword": "$2a$10$O/UWrir7vh0lE.rtAKdwEO34/4mLp5lKwGDFpbKKRdDfq6JLAhdSa",
	"_id": "64123ba485a9681fe795744e",
	"date": "2023-03-15T21:41:56.565Z",
	"tokens": [],
	"__v": 0
}
Response: 200 250.117 ms 

Request: GET /api/userlogin at Wed Mar 15 2023 17:55:17 GMT-0400, IP: ::1, User Agent: Mozilla/5.0 (Windows NT 10.0; Win64; x64) AppleWebKit/537.36 (KHTML, like Gecko) Chrome/110.0.0.0 Safari/537.36
Response Body:
<!DOCTYPE html>
<html lang="en">

<head>
    <meta charset="UTF-8">
    <meta name="viewport" content="width=device-width, initial-scale=1.0">
    <meta http-equiv="X-UA-Compatible" content="ie=edge">
    <title>Login Page</title>
    <link rel="stylesheet" type="text/css" href="/css/styles.css">
</head>

<body>
    <main>
        <h1>Welcome</h1>
        <h2>Login</h2>
        <form class="Login-form" action="/api/login" method="POST">
            <div class="login-control mx-auto" style="width: 200px">
                <label for="username">Username:</label>
                <input type="text" id="username" name="username"><br><br>
                <label for="password">Password:</label>
                <input type="password" id="password" name="password"><br><br>
            </div>

            <button class="btn" type="Login">Sign in</button>

        </form>

        <form class="register-form" action="/api/register" method="GET"> 
            <h2> New Use
Response: 200 8.736 ms 

Request: GET /api/userlogin at Wed Mar 15 2023 17:57:10 GMT-0400, IP: ::1, User Agent: Mozilla/5.0 (Windows NT 10.0; Win64; x64) AppleWebKit/537.36 (KHTML, like Gecko) Chrome/110.0.0.0 Safari/537.36
Response Body:
<!DOCTYPE html>
<html lang="en">

<head>
    <meta charset="UTF-8">
    <meta name="viewport" content="width=device-width, initial-scale=1.0">
    <meta http-equiv="X-UA-Compatible" content="ie=edge">
    <title>Login Page</title>
    <link rel="stylesheet" type="text/css" href="/css/styles.css">
</head>

<body>
    <main>
        <h1>Welcome</h1>
        <h2>Login</h2>
        <form class="Login-form" action="/api/login" method="POST">
            <div class="login-control mx-auto" style="width: 200px">
                <label for="username">Username:</label>
                <input type="text" id="username" name="username"><br><br>
                <label for="password">Password:</label>
                <input type="password" id="password" name="password"><br><br>
            </div>

            <button class="btn" type="Login">Sign in</button>

        </form>

        <form class="register-form" action="/api/register" method="GET"> 
            <h2> New Use
Response: 304 1.836 ms 

Request: GET /api/userlogin at Wed Mar 15 2023 17:57:49 GMT-0400, IP: ::1, User Agent: Mozilla/5.0 (Windows NT 10.0; Win64; x64) AppleWebKit/537.36 (KHTML, like Gecko) Chrome/110.0.0.0 Safari/537.36
Response Body:
<!DOCTYPE html>
<html lang="en">

<head>
    <meta charset="UTF-8">
    <meta name="viewport" content="width=device-width, initial-scale=1.0">
    <meta http-equiv="X-UA-Compatible" content="ie=edge">
    <title>Login Page</title>
    <link rel="stylesheet" type="text/css" href="/css/styles.css">
</head>

<body>
    <main>
        <h1>Welcome</h1>
        <h2>Login</h2>
        <form class="Login-form" action="/api/login" method="POST">
            <div class="login-control mx-auto" style="width: 200px">
                <label for="username">Username:</label>
                <input type="text" id="username" name="username"><br><br>
                <label for="password">Password:</label>
                <input type="password" id="password" name="password"><br><br>
            </div>

            <button class="btn" type="Login">Sign in</button>

        </form>

        <form class="register-form" action="/api/register" method="GET"> 
            <h2> New Use
Response: 304 0.672 ms 

Request: GET /api/register at Wed Mar 15 2023 17:59:57 GMT-0400, IP: ::1, User Agent: Mozilla/5.0 (Windows NT 10.0; Win64; x64) AppleWebKit/537.36 (KHTML, like Gecko) Chrome/110.0.0.0 Safari/537.36
Response Body:
<!DOCTYPE html>
<html lang="en">

<head>
    <meta charset="UTF-8">
    <meta name="viewport" content="width=device-width, initial-scale=1.0">
    <meta http-equiv="X-UA-Compatible" content="ie=edge">
    <title>Sign-Up</title>
    <link rel="stylesheet" href="../css/styles.css">
</head>

<body>
    <main>
        <form class="product-form" action="/api/signup" method="POST">

            <div class="form-control mx-auto" style="width: 200px">
                <label for="name">User Name</label>
                <input type="text" name="name" id="name"></input>
                <label for="email">Email</label>
                <input type="text" name="email" id="email"></input>
                <label for="password">Password:</label>
                <input type="text" name="password" id="password"></input>
                <label for="confirmPassword">Confirm Password:</label>
                <input type="text" name="confirmPassword" id="confirmPassword"></input>
    
Response: 200 0.755 ms 

Request: GET /api/register at Wed Mar 15 2023 18:00:49 GMT-0400, IP: ::1, User Agent: Mozilla/5.0 (Windows NT 10.0; Win64; x64) AppleWebKit/537.36 (KHTML, like Gecko) Chrome/110.0.0.0 Safari/537.36
Response Body:
<!DOCTYPE html>
<html lang="en">

<head>
    <meta charset="UTF-8">
    <meta name="viewport" content="width=device-width, initial-scale=1.0">
    <meta http-equiv="X-UA-Compatible" content="ie=edge">
    <title>Sign-Up</title>
    <link rel="stylesheet" href="../css/styles.css">
</head>

<body>
    <main>
        <form class="product-form" action="/api/signup" method="POST">

            <div class="form-control mx-auto" style="width: 200px">
                <label for="name">User Name</label>
                <input type="text" name="name" id="name"></input>
                <label for="email">Email</label>
                <input type="text" name="email" id="email"></input>
                <label for="password">Password:</label>
                <input type="text" name="password" id="password"></input>
                <label for="confirmPassword">Confirm Password:</label>
                <input type="text" name="confirmPassword" id="confirmPassword"></input><br><b
Response: 200 0.874 ms 

Request: GET /api/register at Wed Mar 15 2023 18:01:09 GMT-0400, IP: ::1, User Agent: Mozilla/5.0 (Windows NT 10.0; Win64; x64) AppleWebKit/537.36 (KHTML, like Gecko) Chrome/110.0.0.0 Safari/537.36
Response Body:
<!DOCTYPE html>
<html lang="en">

<head>
    <meta charset="UTF-8">
    <meta name="viewport" content="width=device-width, initial-scale=1.0">
    <meta http-equiv="X-UA-Compatible" content="ie=edge">
    <title>Sign-Up</title>
    <link rel="stylesheet" href="../css/styles.css">
</head>

<body>
    <main>
        <form class="product-form" action="/api/signup" method="POST">

            <div class="form-control mx-auto" style="width: 200px">
                <label for="name">User Name</label>
                <input type="text" name="name" id="name"></input>
                <label for="email">Email</label>
                <input type="text" name="email" id="email"></input>
                <label for="password">Password:</label>
                <input type="text" name="password" id="password"></input>
                <label for="confirmPassword">Confirm Password:</label>
                <input type="text" name="confirmPassword" id="confirmPassword"></input><br><b
Response: 304 1.004 ms 

Request: GET /api/userlogin at Wed Mar 15 2023 18:01:13 GMT-0400, IP: ::1, User Agent: Mozilla/5.0 (Windows NT 10.0; Win64; x64) AppleWebKit/537.36 (KHTML, like Gecko) Chrome/110.0.0.0 Safari/537.36
Response Body:
<!DOCTYPE html>
<html lang="en">

<head>
    <meta charset="UTF-8">
    <meta name="viewport" content="width=device-width, initial-scale=1.0">
    <meta http-equiv="X-UA-Compatible" content="ie=edge">
    <title>Login Page</title>
    <link rel="stylesheet" type="text/css" href="/css/styles.css">
</head>

<body>
    <main>
        <h1>Welcome</h1>
        <h2>Login</h2>
        <form class="Login-form" action="/api/login" method="POST">
            <div class="login-control mx-auto" style="width: 200px">
                <label for="username">Username:</label>
                <input type="text" id="username" name="username"><br><br>
                <label for="password">Password:</label>
                <input type="password" id="password" name="password"><br><br>
            </div>

            <button class="btn" type="Login">Sign in</button>

        </form>

        <form class="register-form" action="/api/register" method="GET"> 
            <h2> New Use
Response: 304 1.124 ms 

Request: GET /api/register at Wed Mar 15 2023 18:03:04 GMT-0400, IP: ::1, User Agent: Mozilla/5.0 (Windows NT 10.0; Win64; x64) AppleWebKit/537.36 (KHTML, like Gecko) Chrome/110.0.0.0 Safari/537.36
Response Body:
<!DOCTYPE html>
<html lang="en">

<head>
    <meta charset="UTF-8">
    <meta name="viewport" content="width=device-width, initial-scale=1.0">
    <meta http-equiv="X-UA-Compatible" content="ie=edge">
    <title>Sign-Up</title>
    <link rel="stylesheet" href="../css/styles.css">
</head>

<body>
    <main>
        <h2>New Users, register here</h2>
        <form class="product-form" action="/api/signup" method="POST">

            <div class="form-control mx-auto" style="width: 200px">
                <label for="name">User Name</label>
                <input type="text" name="name" id="name"></input>
                <label for="email">Email</label>
                <input type="text" name="email" id="email"></input>
                <label for="password">Password:</label>
                <input type="text" name="password" id="password"></input>
                <label for="confirmPassword">Confirm Password:</label>
                <input type="text" name="confirmPa
Response: 200 0.951 ms 

Request: GET /api/register at Wed Mar 15 2023 18:23:00 GMT-0400, IP: ::1, User Agent: Mozilla/5.0 (Windows NT 10.0; Win64; x64) AppleWebKit/537.36 (KHTML, like Gecko) Chrome/110.0.0.0 Safari/537.36
Response Body:
<!DOCTYPE html>
<html lang="en">

<head>
    <meta charset="UTF-8">
    <meta name="viewport" content="width=device-width, initial-scale=1.0">
    <meta http-equiv="X-UA-Compatible" content="ie=edge">
    <title>Sign-Up</title>
    <link rel="stylesheet" href="../css/styles.css">
</head>

<body>
    <main>
        <h2>New Users, register here</h2>
        <form class="product-form" action="/api/signup" method="POST">

            <div class="form-control mx-auto" style="width: 200px">
                <label for="name">User Name</label>
                <input type="text" name="name" id="name"></input>
                <label for="email">Email</label>
                <input type="text" name="email" id="email"></input>
                <label for="password">Password:</label>
                <input type="text" name="password" id="password"></input>
                <label for="confirmPassword">Confirm Password:</label>
                <input type="text" name="confirmPa
Response: 304 8.075 ms 

Request: GET /api/userlogin at Wed Mar 15 2023 18:23:03 GMT-0400, IP: ::1, User Agent: Mozilla/5.0 (Windows NT 10.0; Win64; x64) AppleWebKit/537.36 (KHTML, like Gecko) Chrome/110.0.0.0 Safari/537.36
Response Body:
<!DOCTYPE html>
<html lang="en">

<head>
    <meta charset="UTF-8">
    <meta name="viewport" content="width=device-width, initial-scale=1.0">
    <meta http-equiv="X-UA-Compatible" content="ie=edge">
    <title>Login Page</title>
    <link rel="stylesheet" type="text/css" href="/css/styles.css">
</head>

<body>
    <main>
        <h1>Welcome</h1>
        <h2>Login</h2>
        <form class="Login-form" action="/api/login" method="POST">
            <div class="login-control mx-auto" style="width: 200px">
                <label for="username">Username:</label>
                <input type="text" id="username" name="username"><br><br>
                <label for="password">Password:</label>
                <input type="password" id="password" name="password"><br><br>
            </div>

            <button class="btn" type="Login">Sign in</button>

        </form>

        <form class="register-form" action="/api/register" method="GET"> 
            <h2> New Use
Response: 304 2.241 ms 

Request: POST /api/signup at Wed Mar 15 2023 18:23:26 GMT-0400, IP: ::1, User Agent: Mozilla/5.0 (Windows NT 10.0; Win64; x64) AppleWebKit/537.36 (KHTML, like Gecko) Chrome/110.0.0.0 Safari/537.36
Request Body:
{
	"name": "testuser5",
	"email": "testuser5@test.com",
	"password": "test123",
	"confirmPassword": "test123"
}
Response Body:
{
	"name": "testuser5",
	"email": "testuser5@test.com",
	"password": "$2a$10$90kqrHk8a5ugdHpf3dDHjuSvY.jv1iFagDj18whxixPm3yjBv1916",
	"confirmPassword": "$2a$10$quwqqiDEPnaYnWX7BLgFHeaKtwEKAKfTu6XgZs5K5WmN8kO6Plhbi",
	"_id": "6412455ed758f82b85596899",
	"date": "2023-03-15T22:23:26.761Z",
	"tokens": [],
	"__v": 0
}
Response: 200 229.870 ms 
